process_radtags v2.68, executed 2026-06-23 20:44:01 (zlib-1.3.2)
process_radtags -f 1_seqs/SRR034310.fastq -o 2_demux/ -b 1_seqs/barcodes_radtags.txt -e sbfI -r -c -q -t 30 --out-type gzfastq

# Note: Individual distributions can be extracted using the `stacks-dist-extract` utility.
#       e.g. `stacks-dist-extract process_radtags.log dist_name`

BEGIN per_file_raw_read_counts
File	Retained Reads	Low Quality	Barcode Not Found	RAD cutsite Not Found	Total
SRR034310.fastq	7867031	834679	95950	97629	8895289
END per_file_raw_read_counts

BEGIN total_raw_read_counts
Total Sequences	8895289
Barcode Not Found	95950	1.1%
Low Quality	834679	9.4%
RAD Cutsite Not Found	97629	1.1%
Retained Reads	7867031	88.4%
END total_raw_read_counts

BEGIN per_barcode_raw_read_counts
Barcode	Filename	Total	RAD Cutsite Not Found	Low Quality	Retained Reads	Pct Retained	Pct Total Reads
CCCC	Bear_Paw_1	179884	7825	22401	149658	83.2%	1.7%
CCAA	Bear_Paw_2	187016	3861	18014	165141	88.3%	1.9%
CCTT	Bear_Paw_3	161267	3923	16667	140677	87.2%	1.6%
CCGG	Bear_Paw_4	247515	2456	27672	217387	87.8%	2.4%
CACA	Bear_Paw_5	276991	3564	25558	247869	89.5%	2.8%
CAAC	Bear_Paw_6	779691	5791	76189	697711	89.5%	7.8%
CATG	Bear_Paw_7	465582	4580	38371	422631	90.8%	4.8%
CAGT	Bear_Paw_8	751262	10665	66636	673961	89.7%	7.6%
CTCT	Rabbit_Slough_1	384621	2878	39984	341759	88.9%	3.8%
CTAG	Rabbit_Slough_2	952725	5224	84812	862689	90.5%	9.7%
CTTC	Rabbit_Slough_3	348110	1761	34955	311394	89.5%	3.5%
CTGA	Rabbit_Slough_4	357972	2371	30332	325269	90.9%	3.7%
GGGG	Rabbit_Slough_5	1404709	19432	118596	1266681	90.2%	14.2%
GGAA	Rabbit_Slough_6	708169	6445	60631	641093	90.5%	7.2%
GGTT	Rabbit_Slough_7	1001835	10963	101455	889417	88.8%	10.0%
GGCC	Rabbit_Slough_8	591990	5890	72406	513694	86.8%	5.8%
END per_barcode_raw_read_counts

BEGIN barcodes_not_recorded
# A list and count of barcodes found that were not specified in the barcodes input file.
Barcode	Total
CNNN	17675
GNNN	14104
NNNN	12394
GGNN	6305
AGTG	3642
CANN	3487
CTNN	3309
GAAT	2484
AAAA	2050
GCCT	1565
AACT	1326
CGAT	1269
CCNN	1175
TNNN	933
ATGT	922
GAAG	696
TCTG	669
CGCG	595
TGAT	573
GTCG	537
CGGC	531
GTTG	528
GTAT	526
GAGA	525
GAGC	480
GTTA	471
GTGT	458
ACAT	452
GTNN	443
CGTA	426
GTGC	404
TTTT	382
GCGT	365
GCCG	356
GACT	344
ACCT	331
GTAC	328
GTCA	318
GCAG	313
GCCA	300
GCTG	294
GACG	281
GCGC	273
TGGT	265
GCAC	255
AATT	252
GATC	243
ATAA	241
GATA	238
GCGA	236
ATTT	224
AAAT	205
GCAT	203
TAGG	200
AGAG	194
GCTC	190
ACTG	181
TGCA	178
TTTG	177
AGGT	165
TTNN	159
AGAT	151
AATA	151
AAGG	144
AACC	138
NAGG	135
GCTA	133
AGCT	129
TCTA	127
TATT	126
AGCG	123
TTCC	122
TGGA	120
GANN	116
AAAG	114
TGTG	112
TGCT	108
TCCT	107
GCNN	106
ATAT	104
ACCA	97
TTAA	96
ATCC	94
TTGG	94
CGNN	93
ATTA	87
TGGC	85
ANNN	84
ATGG	84
AGTC	83
NAAA	78
TAAT	76
TTGT	76
TCAG	75
AGGC	73
TCTC	73
TAAA	71
ACAC	70
ATTG	70
TCAT	69
AGAC	64
ATCA	64
NAAG	63
ATCG	62
TCGT	61
AANN	61
TGAG	60
ACCG	59
TTCA	58
TCAC	57
AGCA	57
TCCG	57
TTAT	55
ATGC	54
AGGA	52
TGTC	52
AAGA	51
TTCG	45
AGTA	44
TGAC	44
GTTN	43
TATA	43
TACC	41
TCCA	40
ACTC	40
NAGC	40
ACGT	40
NTCG	40
ATAC	40
AATC	39
GTCN	39
TTTA	39
AACG	38
TACT	37
TGNN	36
NAGA	36
ACAG	35
NACC	33
TAGA	33
NTNN	33
AGNN	32
NTAC	32
TTAC	31
NTAT	31
TAGC	31
NGNN	30
TGCG	29
AAGC	28
TTGC	28
NCAC	27
TAAG	25
ATNN	24
ACGA	24
NTGG	23
ACTA	23
TGTA	23
NAAT	23
NTGT	22
NTGC	22
CGTN	22
NTAA	22
TATC	22
GTGN	20
NCGT	19
NTCC	18
GCTN	17
NTTG	17
NGAG	17
NCCT	17
NATT	16
NCAG	16
NCTG	16
GAGN	16
TCGC	16
NTTA	15
CGCN	15
NATC	15
NTCA	15
TCGA	14
TACG	14
TCNN	14
CGAN	14
GAAN	13
NTTT	12
NACG	12
NACT	12
NATA	11
NGGA	11
ACGC	11
NCCA	11
TANN	11
AGTN	10
GATN	9
GCCN	9
AATN	9
NGTG	9
AAAN	8
AACN	8
GTAN	8
CGGN	8
GCNC	8
NGGT	8
NGAC	8
NCAT	8
TNCT	7
ATCN	7
AANT	7
NCGC	7
ANAA	7
GTNT	7
NCTC	7
GCGN	7
TNTT	7
NANN	7
NCGA	6
NCCG	6
GNTC	6
NGCT	6
TTTN	6
GCAN	6
ACNN	6
GACN	5
GTNA	5
TGTN	5
NGTC	5
GCNT	5
ANTT	5
AANA	5
NGAT	4
ANCT	4
TNCA	4
NCNN	4
TGCN	4
GTNG	4
GCNG	3
TAAN	3
NGCG	3
ANCC	3
AGAN	3
TAGN	3
TCTN	3
GNCT	3
ATAN	3
ANNT	3
AANC	3
GCNA	3
GTNC	2
AGNT	2
NGCA	2
GNAC	2
ANCN	2
TTAN	2
GNCG	2
ANNA	2
ATTN	2
TTGN	2
GNNA	2
ATNA	2
GNTA	2
GNTG	2
TNTC	2
TCNT	2
ACNC	2
TGAN	2
GANT	2
CGNC	2
GANC	2
TGNA	2
TCNC	2
TGNG	2
TGNT	2
ACCN	2
AGGN	2
TNAA	2
TNCN	2
TCCN	2
TATN	2
AGNC	2
TNGT	2
TTNT	1
TCNA	1
TCGN	1
TCAN	1
NTTN	1
ANAT	1
TANC	1
TANA	1
TACN	1
TGGN	1
TTNG	1
TTNC	1
TGNC	1
TNAG	1
TNCC	1
NGGC	1
TTCN	1
TNGC	1
NATN	1
TNTN	1
TNNT	1
TNTG	1
NCAN	1
TNTA	1
GNTN	1
GANG	1
ACNG	1
GANA	1
GNAG	1
GNCA	1
GNCN	1
GNGC	1
ACNT	1
GNGT	1
AAGN	1
CNTA	1
ACGN	1
AGCN	1
ANTG	1
ANTC	1
ACAN	1
ANGG	1
ANAG	1
ACTN	1
END barcodes_not_recorded
