denovo_map.pl version _VERSION_ started at 2026-06-24 00:10:46
/home/vscode/miniforge3/envs/bioinfo/bin/denovo_map.pl -M 2 -n 1 -T 2 --samples 2_demux --popmap 1_seqs/popmap_reduzido.txt --catalog-popmap 1_seqs/catalog_popmap.txt -o 4_stacks

ustacks
==========

Sample 1 of 8 'Rabbit_Slough_5'
----------
ustacks --in-type gzfastq --file 2_demux/Rabbit_Slough_5.fq.gz --out-path 4_stacks -M 2 --threads 2
ustacks parameters selected:
  Input file: '2_demux/Rabbit_Slough_5.fq.gz'
  Min depth of coverage to create a stack (m): 3
  Repeat removal algorithm: enabled
  Max distance allowed between stacks (M): 2
  Max distance allowed to align secondary reads: 4
  Max number of stacks allowed per de novo locus: 3
  Deleveraging algorithm: disabled
  Gapped assembly: enabled
  Minimum alignment length: 0.8
  Model type: SNP
  Alpha significance level for model: 0.05

Loading RAD-Tags...1M...

Loaded 1266681 reads; formed:
  44487 stacks representing 1019457 primary reads (80.5%)
  239468 secondary stacks representing 247224 secondary reads (19.5%)

Stack coverage: mean=22.92; stdev=81.54; max=8501; n_reads=1019457(80.5%)
Removing repetitive stacks: cov > 268 (mean+3*stdev)...
  Blacklisted 1035 stacks.
Coverage after repeat removal: mean=21.11; stdev=15.75; max=268; n_reads=917121(72.4%)

Assembling stacks (max dist. M=2)...
  Assembled 43452 stacks into 39778; blacklisted 127 stacks.
Coverage after assembling stacks: mean=22.53; stdev=15.60; max=307; n_reads=892199(70.4%)

Merging secondary stacks (max dist. N=4 from consensus)...
  Merged 151989 out of 247224 secondary reads (61.5%), 49004 merged with gapped alignments.
Coverage after merging secondary stacks: mean=26.37; stdev=17.82; max=345; n_reads=1044188(82.4%)

Assembling stacks, allowing for gaps (min. match length 80.0%)...
  Assembled 39778 stacks into 39075 stacks.
Coverage after gapped assembly: mean=26.84; stdev=17.95; max=345; n_reads=1044188(82.4%)

Merging secondary stacks, allowing for gaps (min. match length 80.0%)...
  Merged 1900 out of 95235 secondary reads (2.0%).
Coverage after merging gapped secondary stacks: mean=26.89; stdev=18.01; max=345; n_reads=1046088(82.6%)

Final number of stacks built: 39075
Final coverage: mean=26.89; stdev=18.01; max=345; n_reads=1046088(82.6%)
Calling consensus sequences and haplotypes for catalog assembly...
Writing tags, SNPs, and alleles files to '4_stacks/Rabbit_Slough_5'...done.
ustacks is done.

Sample 2 of 8 'Rabbit_Slough_7'
----------
ustacks --in-type gzfastq --file 2_demux/Rabbit_Slough_7.fq.gz --out-path 4_stacks -M 2 --threads 2
